<?xml version="1.0" encoding="UTF-8"?>
<!-- Generated by org.testng.reporters.JUnitReportReporter -->
<testsuite hostname="SOUMYA-PC" name="com.GenericLibrary.PropertyReader" tests="1" failures="0" timestamp="7 Jun 2018 16:04:35 GMT" time="0.047" errors="0">
  <testcase name="read" time="0.047" classname="com.GenericLibrary.PropertyReader"/>
</testsuite> <!-- com.GenericLibrary.PropertyReader -->
