<?xml version="1.0" encoding="UTF-8"?>
<!-- Generated by org.testng.reporters.JUnitReportReporter -->
<testsuite hostname="SOUMYA-PC" name="com.Actitime.TestScript.LoginTest" tests="2" failures="0" timestamp="8 Jun 2018 10:54:33 GMT" time="8.545" errors="0">
  <testcase name="verifyInvalidPassword" time="7.439" classname="com.Actitime.TestScript.LoginTest"/>
  <testcase name="verifyInvalidUsername" time="1.106" classname="com.Actitime.TestScript.LoginTest"/>
</testsuite> <!-- com.Actitime.TestScript.LoginTest -->
